# JRE version: Java(TM) SE Runtime Environment (8.0_65-b17) (build 1.8.0_65-b17)
# Java VM: Java HotSpot(TM) 64-Bit Server VM (25.65-b01 mixed mode bsd-amd64 compressed oops)
Heap:
 PSYoungGen      total 685056K, used 50736K [0x0000000795580000, 0x00000007c0000000, 0x00000007c0000000)
  eden space 679936K, 6% used [0x0000000795580000,0x000000079828bd88,0x00000007bed80000)
  from space 5120K, 90% used [0x00000007bed80000,0x00000007bf200510,0x00000007bf280000)
  to   space 5632K, 0% used [0x00000007bfa80000,0x00000007bfa80000,0x00000007c0000000)
 ParOldGen       total 87552K, used 31522K [0x0000000740000000, 0x0000000745580000, 0x0000000795580000)
  object space 87552K, 36% used [0x0000000740000000,0x0000000741ec8808,0x0000000745580000)
 Metaspace       used 14674K, capacity 14994K, committed 15232K, reserved 1062912K
  class space    used 1705K, capacity 1798K, committed 1920K, reserved 1048576K
GC Heap History (10 events):
Event: 4.200 GC heap before
{Heap before GC invocations=9 (full 0):
 PSYoungGen      total 269824K, used 265888K [0x0000000795580000, 0x00000007a6280000, 0x00000007c0000000)
  eden space 265728K, 100% used [0x0000000795580000,0x00000007a5900000,0x00000007a5900000)
  from space 4096K, 3% used [0x00000007a5d80000,0x00000007a5da8000,0x00000007a6180000)
  to   space 4608K, 0% used [0x00000007a5900000,0x00000007a5900000,0x00000007a5d80000)
 ParOldGen       total 87552K, used 27531K [0x0000000740000000, 0x0000000745580000, 0x0000000795580000)
  object space 87552K, 31% used [0x0000000740000000,0x0000000741ae2f80,0x0000000745580000)
 Metaspace       used 12251K, capacity 12570K, committed 12672K, reserved 1060864K
  class space    used 1468K, capacity 1568K, committed 1664K, reserved 1048576K
Event: 4.202 GC heap after
Heap after GC invocations=9 (full 0):
 PSYoungGen      total 270336K, used 160K [0x0000000795580000, 0x00000007afe00000, 0x00000007c0000000)
  eden space 265728K, 0% used [0x0000000795580000,0x0000000795580000,0x00000007a5900000)
  from space 4608K, 3% used [0x00000007a5900000,0x00000007a5928000,0x00000007a5d80000)
  to   space 4608K, 0% used [0x00000007af980000,0x00000007af980000,0x00000007afe00000)
 ParOldGen       total 87552K, used 27587K [0x0000000740000000, 0x0000000745580000, 0x0000000795580000)
  object space 87552K, 31% used [0x0000000740000000,0x0000000741af0f80,0x0000000745580000)
 Metaspace       used 12251K, capacity 12570K, committed 12672K, reserved 1060864K
  class space    used 1468K, capacity 1568K, committed 1664K, reserved 1048576K
}
Event: 4.260 GC heap before
{Heap before GC invocations=10 (full 0):
 PSYoungGen      total 270336K, used 265811K [0x0000000795580000, 0x00000007afe00000, 0x00000007c0000000)
  eden space 265728K, 99% used [0x0000000795580000,0x00000007a58ecdd0,0x00000007a5900000)
  from space 4608K, 3% used [0x00000007a5900000,0x00000007a5928000,0x00000007a5d80000)
  to   space 4608K, 0% used [0x00000007af980000,0x00000007af980000,0x00000007afe00000)
 ParOldGen       total 87552K, used 27587K [0x0000000740000000, 0x0000000745580000, 0x0000000795580000)
  object space 87552K, 31% used [0x0000000740000000,0x0000000741af0f80,0x0000000745580000)
 Metaspace       used 12252K, capacity 12570K, committed 12672K, reserved 1060864K
  class space    used 1468K, capacity 1568K, committed 1664K, reserved 1048576K
Event: 4.261 GC heap after
Heap after GC invocations=10 (full 0):
 PSYoungGen      total 429568K, used 160K [0x0000000795580000, 0x00000007aff00000, 0x00000007c0000000)
  eden space 424960K, 0% used [0x0000000795580000,0x0000000795580000,0x00000007af480000)
  from space 4608K, 3% used [0x00000007af980000,0x00000007af9a8000,0x00000007afe00000)
  to   space 5120K, 0% used [0x00000007af480000,0x00000007af480000,0x00000007af980000)
 ParOldGen       total 87552K, used 27659K [0x0000000740000000, 0x0000000745580000, 0x0000000795580000)
  object space 87552K, 31% used [0x0000000740000000,0x0000000741b02f80,0x0000000745580000)
 Metaspace       used 12252K, capacity 12570K, committed 12672K, reserved 1060864K
  class space    used 1468K, capacity 1568K, committed 1664K, reserved 1048576K
}
Event: 4.527 GC heap before
{Heap before GC invocations=11 (full 0):
 PSYoungGen      total 429568K, used 425120K [0x0000000795580000, 0x00000007aff00000, 0x00000007c0000000)
  eden space 424960K, 100% used [0x0000000795580000,0x00000007af480000,0x00000007af480000)
  from space 4608K, 3% used [0x00000007af980000,0x00000007af9a8000,0x00000007afe00000)
  to   space 5120K, 0% used [0x00000007af480000,0x00000007af480000,0x00000007af980000)
 ParOldGen       total 87552K, used 27659K [0x0000000740000000, 0x0000000745580000, 0x0000000795580000)
  object space 87552K, 31% used [0x0000000740000000,0x0000000741b02f80,0x0000000745580000)
 Metaspace       used 12272K, capacity 12570K, committed 12672K, reserved 1060864K
  class space    used 1469K, capacity 1568K, committed 1664K, reserved 1048576K
Event: 4.529 GC heap after
Heap after GC invocations=11 (full 0):
 PSYoungGen      total 430080K, used 192K [0x0000000795580000, 0x00000007bf780000, 0x00000007c0000000)
  eden space 424960K, 0% used [0x0000000795580000,0x0000000795580000,0x00000007af480000)
  from space 5120K, 3% used [0x00000007af480000,0x00000007af4b0000,0x00000007af980000)
  to   space 5120K, 0% used [0x00000007bf280000,0x00000007bf280000,0x00000007bf780000)
 ParOldGen       total 87552K, used 27779K [0x0000000740000000, 0x0000000745580000, 0x0000000795580000)
  object space 87552K, 31% used [0x0000000740000000,0x0000000741b20f80,0x0000000745580000)
 Metaspace       used 12272K, capacity 12570K, committed 12672K, reserved 1060864K
  class space    used 1469K, capacity 1568K, committed 1664K, reserved 1048576K
}
Event: 4.654 GC heap before
{Heap before GC invocations=12 (full 0):
 PSYoungGen      total 430080K, used 425152K [0x0000000795580000, 0x00000007bf780000, 0x00000007c0000000)
  eden space 424960K, 100% used [0x0000000795580000,0x00000007af480000,0x00000007af480000)
  from space 5120K, 3% used [0x00000007af480000,0x00000007af4b0000,0x00000007af980000)
  to   space 5120K, 0% used [0x00000007bf280000,0x00000007bf280000,0x00000007bf780000)
 ParOldGen       total 87552K, used 27779K [0x0000000740000000, 0x0000000745580000, 0x0000000795580000)
  object space 87552K, 31% used [0x0000000740000000,0x0000000741b20f80,0x0000000745580000)
 Metaspace       used 12272K, capacity 12570K, committed 12672K, reserved 1060864K
  class space    used 1469K, capacity 1568K, committed 1664K, reserved 1048576K
Event: 4.655 GC heap after
Heap after GC invocations=12 (full 0):
 PSYoungGen      total 685056K, used 160K [0x0000000795580000, 0x00000007bf780000, 0x00000007c0000000)
  eden space 679936K, 0% used [0x0000000795580000,0x0000000795580000,0x00000007bed80000)
  from space 5120K, 3% used [0x00000007bf280000,0x00000007bf2a8000,0x00000007bf780000)
  to   space 5120K, 0% used [0x00000007bed80000,0x00000007bed80000,0x00000007bf280000)
 ParOldGen       total 87552K, used 27891K [0x0000000740000000, 0x0000000745580000, 0x0000000795580000)
  object space 87552K, 31% used [0x0000000740000000,0x0000000741b3cf80,0x0000000745580000)
 Metaspace       used 12272K, capacity 12570K, committed 12672K, reserved 1060864K
  class space    used 1469K, capacity 1568K, committed 1664K, reserved 1048576K
}
Event: 11144.389 GC heap before
{Heap before GC invocations=13 (full 0):
 PSYoungGen      total 685056K, used 675199K [0x0000000795580000, 0x00000007bf780000, 0x00000007c0000000)
  eden space 679936K, 99% used [0x0000000795580000,0x00000007be8b7f38,0x00000007bed80000)
  from space 5120K, 3% used [0x00000007bf280000,0x00000007bf2a8000,0x00000007bf780000)
  to   space 5120K, 0% used [0x00000007bed80000,0x00000007bed80000,0x00000007bf280000)
 ParOldGen       total 87552K, used 27891K [0x0000000740000000, 0x0000000745580000, 0x0000000795580000)
  object space 87552K, 31% used [0x0000000740000000,0x0000000741b3cf80,0x0000000745580000)
 Metaspace       used 14672K, capacity 14994K, committed 15232K, reserved 1062912K
  class space    used 1705K, capacity 1798K, committed 1920K, reserved 1048576K
Event: 11144.553 GC heap after
Heap after GC invocations=13 (full 0):
 PSYoungGen      total 685056K, used 4609K [0x0000000795580000, 0x00000007c0000000, 0x00000007c0000000)
  eden space 679936K, 0% used [0x0000000795580000,0x0000000795580000,0x00000007bed80000)
  from space 5120K, 90% used [0x00000007bed80000,0x00000007bf200510,0x00000007bf280000)
  to   space 5632K, 0% used [0x00000007bfa80000,0x00000007bfa80000,0x00000007c0000000)
 ParOldGen       total 87552K, used 31522K [0x0000000740000000, 0x0000000745580000, 0x0000000795580000)
  object space 87552K, 36% used [0x0000000740000000,0x0000000741ec8808,0x0000000745580000)
 Metaspace       used 14672K, capacity 14994K, committed 15232K, reserved 1062912K
  class space    used 1705K, capacity 1798K, committed 1920K, reserved 1048576K
}

