# JRE version: Java(TM) SE Runtime Environment (8.0_65-b17) (build 1.8.0_65-b17)
# Java VM: Java HotSpot(TM) 64-Bit Server VM (25.65-b01 mixed mode bsd-amd64 compressed oops)
Heap:
 PSYoungGen      total 687104K, used 39265K [0x0000000795580000, 0x00000007bff00000, 0x00000007c0000000)
  eden space 679936K, 5% used [0x0000000795580000,0x00000007979816a8,0x00000007bed80000)
  from space 7168K, 33% used [0x00000007bed80000,0x00000007befd6df0,0x00000007bf480000)
  to   space 6656K, 0% used [0x00000007bf880000,0x00000007bf880000,0x00000007bff00000)
 ParOldGen       total 87552K, used 38230K [0x0000000740000000, 0x0000000745580000, 0x0000000795580000)
  object space 87552K, 43% used [0x0000000740000000,0x00000007425559e8,0x0000000745580000)
 Metaspace       used 16756K, capacity 17062K, committed 17408K, reserved 1064960K
  class space    used 1838K, capacity 1932K, committed 2048K, reserved 1048576K
GC Heap History (10 events):
Event: 8.241 GC heap before
{Heap before GC invocations=9 (full 0):
 PSYoungGen      total 271872K, used 265909K [0x0000000795580000, 0x00000007a6680000, 0x00000007c0000000)
  eden space 265728K, 99% used [0x0000000795580000,0x00000007a58e55c0,0x00000007a5900000)
  from space 6144K, 4% used [0x00000007a5f80000,0x00000007a5fc8000,0x00000007a6580000)
  to   space 6656K, 0% used [0x00000007a5900000,0x00000007a5900000,0x00000007a5f80000)
 ParOldGen       total 87552K, used 37433K [0x0000000740000000, 0x0000000745580000, 0x0000000795580000)
  object space 87552K, 42% used [0x0000000740000000,0x000000074248e650,0x0000000745580000)
 Metaspace       used 13508K, capacity 13774K, committed 13952K, reserved 1060864K
  class space    used 1543K, capacity 1606K, committed 1664K, reserved 1048576K
Event: 8.253 GC heap after
Heap after GC invocations=9 (full 0):
 PSYoungGen      total 272384K, used 288K [0x0000000795580000, 0x00000007b0200000, 0x00000007c0000000)
  eden space 265728K, 0% used [0x0000000795580000,0x0000000795580000,0x00000007a5900000)
  from space 6656K, 4% used [0x00000007a5900000,0x00000007a5948000,0x00000007a5f80000)
  to   space 6656K, 0% used [0x00000007afb80000,0x00000007afb80000,0x00000007b0200000)
 ParOldGen       total 87552K, used 37481K [0x0000000740000000, 0x0000000745580000, 0x0000000795580000)
  object space 87552K, 42% used [0x0000000740000000,0x000000074249a650,0x0000000745580000)
 Metaspace       used 13508K, capacity 13774K, committed 13952K, reserved 1060864K
  class space    used 1543K, capacity 1606K, committed 1664K, reserved 1048576K
}
Event: 8.612 GC heap before
{Heap before GC invocations=10 (full 0):
 PSYoungGen      total 272384K, used 266016K [0x0000000795580000, 0x00000007b0200000, 0x00000007c0000000)
  eden space 265728K, 100% used [0x0000000795580000,0x00000007a5900000,0x00000007a5900000)
  from space 6656K, 4% used [0x00000007a5900000,0x00000007a5948000,0x00000007a5f80000)
  to   space 6656K, 0% used [0x00000007afb80000,0x00000007afb80000,0x00000007b0200000)
 ParOldGen       total 87552K, used 37481K [0x0000000740000000, 0x0000000745580000, 0x0000000795580000)
  object space 87552K, 42% used [0x0000000740000000,0x000000074249a650,0x0000000745580000)
 Metaspace       used 13529K, capacity 13774K, committed 13952K, reserved 1060864K
  class space    used 1544K, capacity 1606K, committed 1664K, reserved 1048576K
Event: 8.624 GC heap after
Heap after GC invocations=10 (full 0):
 PSYoungGen      total 431616K, used 256K [0x0000000795580000, 0x00000007b0300000, 0x00000007c0000000)
  eden space 424960K, 0% used [0x0000000795580000,0x0000000795580000,0x00000007af480000)
  from space 6656K, 3% used [0x00000007afb80000,0x00000007afbc0000,0x00000007b0200000)
  to   space 7168K, 0% used [0x00000007af480000,0x00000007af480000,0x00000007afb80000)
 ParOldGen       total 87552K, used 37625K [0x0000000740000000, 0x0000000745580000, 0x0000000795580000)
  object space 87552K, 42% used [0x0000000740000000,0x00000007424be650,0x0000000745580000)
 Metaspace       used 13529K, capacity 13774K, committed 13952K, reserved 1060864K
  class space    used 1544K, capacity 1606K, committed 1664K, reserved 1048576K
}
Event: 9.804 GC heap before
{Heap before GC invocations=11 (full 0):
 PSYoungGen      total 431616K, used 425216K [0x0000000795580000, 0x00000007b0300000, 0x00000007c0000000)
  eden space 424960K, 100% used [0x0000000795580000,0x00000007af480000,0x00000007af480000)
  from space 6656K, 3% used [0x00000007afb80000,0x00000007afbc0000,0x00000007b0200000)
  to   space 7168K, 0% used [0x00000007af480000,0x00000007af480000,0x00000007afb80000)
 ParOldGen       total 87552K, used 37625K [0x0000000740000000, 0x0000000745580000, 0x0000000795580000)
  object space 87552K, 42% used [0x0000000740000000,0x00000007424be650,0x0000000745580000)
 Metaspace       used 13530K, capacity 13774K, committed 13952K, reserved 1060864K
  class space    used 1544K, capacity 1606K, committed 1664K, reserved 1048576K
Event: 9.805 GC heap after
Heap after GC invocations=11 (full 0):
 PSYoungGen      total 432128K, used 288K [0x0000000795580000, 0x00000007bfb80000, 0x00000007c0000000)
  eden space 424960K, 0% used [0x0000000795580000,0x0000000795580000,0x00000007af480000)
  from space 7168K, 4% used [0x00000007af480000,0x00000007af4c8000,0x00000007afb80000)
  to   space 7168K, 0% used [0x00000007bf480000,0x00000007bf480000,0x00000007bfb80000)
 ParOldGen       total 87552K, used 37841K [0x0000000740000000, 0x0000000745580000, 0x0000000795580000)
  object space 87552K, 43% used [0x0000000740000000,0x00000007424f4650,0x0000000745580000)
 Metaspace       used 13530K, capacity 13774K, committed 13952K, reserved 1060864K
  class space    used 1544K, capacity 1606K, committed 1664K, reserved 1048576K
}
Event: 10.447 GC heap before
{Heap before GC invocations=12 (full 0):
 PSYoungGen      total 432128K, used 425248K [0x0000000795580000, 0x00000007bfb80000, 0x00000007c0000000)
  eden space 424960K, 100% used [0x0000000795580000,0x00000007af480000,0x00000007af480000)
  from space 7168K, 4% used [0x00000007af480000,0x00000007af4c8000,0x00000007afb80000)
  to   space 7168K, 0% used [0x00000007bf480000,0x00000007bf480000,0x00000007bfb80000)
 ParOldGen       total 87552K, used 37841K [0x0000000740000000, 0x0000000745580000, 0x0000000795580000)
  object space 87552K, 43% used [0x0000000740000000,0x00000007424f4650,0x0000000745580000)
 Metaspace       used 13530K, capacity 13774K, committed 13952K, reserved 1060864K
  class space    used 1544K, capacity 1606K, committed 1664K, reserved 1048576K
Event: 10.451 GC heap after
Heap after GC invocations=12 (full 0):
 PSYoungGen      total 687104K, used 256K [0x0000000795580000, 0x00000007bfb80000, 0x00000007c0000000)
  eden space 679936K, 0% used [0x0000000795580000,0x0000000795580000,0x00000007bed80000)
  from space 7168K, 3% used [0x00000007bf480000,0x00000007bf4c0000,0x00000007bfb80000)
  to   space 7168K, 0% used [0x00000007bed80000,0x00000007bed80000,0x00000007bf480000)
 ParOldGen       total 87552K, used 38049K [0x0000000740000000, 0x0000000745580000, 0x0000000795580000)
  object space 87552K, 43% used [0x0000000740000000,0x0000000742528650,0x0000000745580000)
 Metaspace       used 13530K, capacity 13774K, committed 13952K, reserved 1060864K
  class space    used 1544K, capacity 1606K, committed 1664K, reserved 1048576K
}
Event: 807687.713 GC heap before
{Heap before GC invocations=13 (full 0):
 PSYoungGen      total 687104K, used 680192K [0x0000000795580000, 0x00000007bfb80000, 0x00000007c0000000)
  eden space 679936K, 100% used [0x0000000795580000,0x00000007bed80000,0x00000007bed80000)
  from space 7168K, 3% used [0x00000007bf480000,0x00000007bf4c0000,0x00000007bfb80000)
  to   space 7168K, 0% used [0x00000007bed80000,0x00000007bed80000,0x00000007bf480000)
 ParOldGen       total 87552K, used 38049K [0x0000000740000000, 0x0000000745580000, 0x0000000795580000)
  object space 87552K, 43% used [0x0000000740000000,0x0000000742528650,0x0000000745580000)
 Metaspace       used 16666K, capacity 16934K, committed 17152K, reserved 1064960K
  class space    used 1831K, capacity 1932K, committed 2048K, reserved 1048576K
Event: 807688.595 GC heap after
Heap after GC invocations=13 (full 0):
 PSYoungGen      total 687104K, used 2395K [0x0000000795580000, 0x00000007bff00000, 0x00000007c0000000)
  eden space 679936K, 0% used [0x0000000795580000,0x0000000795580000,0x00000007bed80000)
  from space 7168K, 33% used [0x00000007bed80000,0x00000007befd6df0,0x00000007bf480000)
  to   space 6656K, 0% used [0x00000007bf880000,0x00000007bf880000,0x00000007bff00000)
 ParOldGen       total 87552K, used 38230K [0x0000000740000000, 0x0000000745580000, 0x0000000795580000)
  object space 87552K, 43% used [0x0000000740000000,0x00000007425559e8,0x0000000745580000)
 Metaspace       used 16666K, capacity 16934K, committed 17152K, reserved 1064960K
  class space    used 1831K, capacity 1932K, committed 2048K, reserved 1048576K
}

